<?xml version="1.0" encoding="UTF-8"?>
<testsuite name="com.test.HelloJUnitTest" tests="1" skipped="0" failures="0" errors="0" timestamp="2021-04-25T18:26:08" hostname="DESKTOP-5FTK10E" time="0.016">
  <properties/>
  <testcase name="helloTest2()" classname="com.test.HelloJUnitTest" time="0.016"/>
  <system-out><![CDATA[Hello from beforeAll
This method will be executed before each test case in your class
hello from Test2
this will be executed after each test case in the class
Hello from afterAll
]]></system-out>
  <system-err><![CDATA[]]></system-err>
</testsuite>
